<?xml version="1.0" encoding="UTF-8"?>
<!-- Generated by org.testng.reporters.JUnitReportReporter -->
<testsuite hostname="Chandan" failures="0" tests="4" name="End_To_End_Testing.SwagLabsPropertyFileTest" time="17.592" errors="0" timestamp="2024-06-20T17:46:16 IST" skipped="0">
  <testcase classname="End_To_End_Testing.SwagLabsPropertyFileTest" name="login" time="2.464"/>
  <testcase classname="End_To_End_Testing.SwagLabsPropertyFileTest" name="addToCart" time="2.183"/>
  <testcase classname="End_To_End_Testing.SwagLabsPropertyFileTest" name="order" time="8.598"/>
  <testcase classname="End_To_End_Testing.SwagLabsPropertyFileTest" name="logout" time="4.347">
    <system-out>
      <![CDATA[End-To-End Testing is Completed]]>
    </system-out>
  </testcase> <!-- logout -->
  <system-out>
    <![CDATA[End-To-End Testing is Completed]]>
  </system-out>
</testsuite> <!-- End_To_End_Testing.SwagLabsPropertyFileTest -->
