<?xml version="1.0" encoding="UTF-8"?>
<!-- Generated by org.testng.reporters.JUnitReportReporter -->
<testsuite hostname="Chandan" failures="0" tests="4" name="End_To_End_Testing.SwagLabsPropertyFile" time="17.546" errors="0" timestamp="2024-05-23T19:34:49 IST" skipped="0">
  <testcase classname="End_To_End_Testing.SwagLabsPropertyFile" name="login" time="2.482"/>
  <system-out/>
  <testcase classname="End_To_End_Testing.SwagLabsPropertyFile" name="addToCart" time="2.162"/>
  <system-out/>
  <testcase classname="End_To_End_Testing.SwagLabsPropertyFile" name="order" time="8.672"/>
  <system-out/>
  <testcase classname="End_To_End_Testing.SwagLabsPropertyFile" name="logout" time="4.230"/>
  <system-out>
    <![CDATA[End-To-End Testing is Completed]]>
  </system-out>
</testsuite> <!-- End_To_End_Testing.SwagLabsPropertyFile -->
