<?xml version="1.0" encoding="UTF-8"?>
<!-- Generated by org.testng.reporters.JUnitReportReporter -->
<testsuite hostname="Chandan" failures="0" tests="4" name="End_To_End_Testing.SwagLabsPropertyFileTest" time="16.870" errors="0" timestamp="2024-06-05T18:04:23 IST" skipped="0">
  <testcase classname="End_To_End_Testing.SwagLabsPropertyFileTest" name="login" time="2.237"/>
  <system-out/>
  <testcase classname="End_To_End_Testing.SwagLabsPropertyFileTest" name="addToCart" time="2.132"/>
  <system-out/>
  <testcase classname="End_To_End_Testing.SwagLabsPropertyFileTest" name="order" time="8.360"/>
  <system-out/>
  <testcase classname="End_To_End_Testing.SwagLabsPropertyFileTest" name="logout" time="4.141"/>
  <system-out>
    <![CDATA[End-To-End Testing is Completed]]>
  </system-out>
</testsuite> <!-- End_To_End_Testing.SwagLabsPropertyFileTest -->
